 
****************************************
Report : clocks
Design : SYS_TOP
Version: K-2015.06
Date   : Wed Oct 23 00:10:25 2024
****************************************

Attributes:
    d - dont_touch_network
    f - fix_hold
    p - propagated_clock
    G - generated_clock
    g - lib_generated_clock

Clock          Period   Waveform            Attrs     Sources
--------------------------------------------------------------------------------
ALU_CLK         10.00   {0 5}               G         {U0_CLK_GATE/GATED_CLK}
REF_CLK         10.00   {0 5}               d         {REF_CLK}
RX_CLK         271.30   {0 135.648}         G         {U1_CLKDIV/DIV_CLK}
TX_CLK        8681.49   {0 4340.75}         G         {U0_CLKDIV/DIV_CLK}
UART_CLK       271.30   {0 135.648}         d         {UART_CLK}
--------------------------------------------------------------------------------

Generated     Master         Generated      Master         Waveform
Clock         Source         Source         Clock          Modification
--------------------------------------------------------------------------------
ALU_CLK       REF_CLK        {U0_CLK_GATE/GATED_CLK}
                                            REF_CLK        divide_by(1)
RX_CLK        UART_CLK       {U1_CLKDIV/DIV_CLK}
                                            UART_CLK       divide_by(1)
TX_CLK        UART_CLK       {U0_CLKDIV/DIV_CLK}
                                            UART_CLK       divide_by(32)
--------------------------------------------------------------------------------
1
